<?xml version="1.0" encoding="UTF-8"?>
<!-- Generated by org.testng.reporters.JUnitReportReporter -->
<testsuite skipped="1" hostname="WTC-5159473-l2" name="TestingFunctions.Create_Accounts" tests="1" failures="0" timestamp="09 Oct 2018 19:14:21 GMT" time="0.000" errors="0">
  <testcase name="Account_Creation" time="0.000" classname="TestingFunctions.Create_Accounts">
    <skipped/>
  </testcase> <!-- Account_Creation -->
</testsuite> <!-- TestingFunctions.Create_Accounts -->
