<?xml version="1.0" encoding="UTF-8"?>
<!-- Generated by org.testng.reporters.JUnitReportReporter -->
<testsuite skipped="5" hostname="WTC-5159473-l2" name="TestNG.MFAC" tests="29" failures="0" timestamp="15 Oct 2018 20:51:49 GMT" time="220.110" errors="0">
  <testcase name="IssuePinVelocity" time="10.218" classname="TestNG.MFAC"/>
  <testcase name="VerifyPinVelocity" time="11.690" classname="TestNG.MFAC"/>
  <testcase name="AddressVelocity" time="14.795" classname="TestNG.MFAC"/>
  <testcase name="IssuePin" time="2.440" classname="TestNG.MFAC"/>
  <testcase name="VerifyPinNoLongerValid" time="9.533" classname="TestNG.MFAC"/>
  <testcase name="AddressVelocity" time="15.355" classname="TestNG.MFAC"/>
  <testcase name="VerifyPinVelocity" time="11.806" classname="TestNG.MFAC"/>
  <testcase name="IssuePin" time="4.225" classname="TestNG.MFAC"/>
  <testcase name="VerifyPinValid" time="4.649" classname="TestNG.MFAC"/>
  <testcase name="VerifyPinVelocity" time="12.957" classname="TestNG.MFAC"/>
  <testcase name="AddressVelocity" time="15.139" classname="TestNG.MFAC"/>
  <testcase name="IssuePinVelocity" time="10.138" classname="TestNG.MFAC"/>
  <testcase name="IssuePinVelocity" time="7.803" classname="TestNG.MFAC"/>
  <testcase name="IssuePin" time="0.692" classname="TestNG.MFAC"/>
  <testcase name="VerifyPinValid" time="5.400" classname="TestNG.MFAC"/>
  <testcase name="VerifyPinNoLongerValid" time="9.824" classname="TestNG.MFAC"/>
  <testcase name="AddressVelocity" time="14.962" classname="TestNG.MFAC"/>
  <testcase name="IssuePinVelocity" time="10.671" classname="TestNG.MFAC"/>
  <testcase name="VerifyPinVelocity" time="12.823" classname="TestNG.MFAC"/>
  <testcase name="IssuePin" time="0.880" classname="TestNG.MFAC"/>
  <testcase name="VerifyPinNoLongerValid" time="10.008" classname="TestNG.MFAC"/>
  <testcase name="VerifyPinNoLongerValid" time="11.230" classname="TestNG.MFAC"/>
  <testcase name="VerifyPinValid" time="5.996" classname="TestNG.MFAC"/>
  <testcase name="VerifyPinValid" time="6.876" classname="TestNG.MFAC"/>
  <testcase name="IssuePinExpiration" classname="TestNG.MFAC">
    <skipped/>
  </testcase> <!-- IssuePinExpiration -->
  <testcase name="AdditionalEnrollmentExpiration" classname="TestNG.MFAC">
    <skipped/>
  </testcase> <!-- AdditionalEnrollmentExpiration -->
  <testcase name="DetermineLockoutTime" classname="TestNG.MFAC">
    <skipped/>
  </testcase> <!-- DetermineLockoutTime -->
  <testcase name="AdditionalEnrollmentExpirationValidate" classname="TestNG.MFAC">
    <skipped/>
  </testcase> <!-- AdditionalEnrollmentExpirationValidate -->
  <testcase name="IssuePinExpirationValidate" classname="TestNG.MFAC">
    <skipped/>
  </testcase> <!-- IssuePinExpirationValidate -->
</testsuite> <!-- TestNG.MFAC -->
