<?xml version="1.0" encoding="UTF-8"?>
<!-- Generated by org.testng.reporters.JUnitReportReporter -->
<testsuite skipped="0" hostname="WTC-5159473-l2" name="WaterfallApplications.WRTT" tests="5" failures="0" timestamp="16 Oct 2018 02:18:21 GMT" time="311.932" errors="0">
  <testcase name="WRTT_SpalshPage_eCRV" time="32.752" classname="WaterfallApplications.WRTT"/>
  <testcase name="WRTT_Rate_Sheet" time="48.780" classname="WaterfallApplications.WRTT"/>
  <testcase name="WRTT_Rate_Sheet" time="82.282" classname="WaterfallApplications.WRTT"/>
  <testcase name="WRTT_eCRV_Page" time="94.634" classname="WaterfallApplications.WRTT"/>
  <testcase name="WRTT_Rate_Sheet" time="53.484" classname="WaterfallApplications.WRTT"/>
</testsuite> <!-- WaterfallApplications.WRTT -->
