<?xml version="1.0" encoding="UTF-8"?>
<!-- Generated by org.testng.reporters.JUnitReportReporter -->
<testsuite skipped="0" hostname="WTC-5159473-l2" name="TestNG.WIDM_TestNG" tests="6" failures="0" timestamp="05 Oct 2018 19:25:43 GMT" time="645.123" errors="0">
  <testcase name="WIDM_Registration_ErrorMessages" time="57.380" classname="TestNG.WIDM_TestNG"/>
  <testcase name="WIDM_ForgotUserID" time="91.521" classname="TestNG.WIDM_TestNG"/>
  <testcase name="ResetPasswordWIDM_Email" time="177.438" classname="TestNG.WIDM_TestNG"/>
  <testcase name="WIDM_RegistrationEFWS" time="102.423" classname="TestNG.WIDM_TestNG"/>
  <testcase name="WIDM_Registration" time="72.507" classname="TestNG.WIDM_TestNG"/>
  <testcase name="WIDM_ResetPasswordSecret" time="143.854" classname="TestNG.WIDM_TestNG"/>
</testsuite> <!-- TestNG.WIDM_TestNG -->
