<?xml version="1.0" encoding="UTF-8"?>
<!-- Generated by org.testng.reporters.JUnitReportReporter -->
<testsuite skipped="0" hostname="WTC-5159473-l2" name="TestNG.WFCL_TestNG" tests="1" failures="0" timestamp="05 Oct 2018 18:48:21 GMT" time="87.269" errors="0">
  <testcase name="WFCL_Forgot_User_Email" time="87.269" classname="TestNG.WFCL_TestNG"/>
</testsuite> <!-- TestNG.WFCL_TestNG -->
